<html>
<body>
<pre>
<h1>µVision Build Log</h1>
<h2>Project:</h2>
C:\Users\Rosswell\Documents\Tone-Generator\Basic_UART\UART.uvproj
Project File Date:  10/09/2019

<h2>Output:</h2>
Rebuild target 'UART'
assembling startup.s...
compiling PLL.c...
compiling UART.c...
compiling UARTTestMain.c...
UARTTestMain.c(75): warning:  #177-D: variable "x" was declared but never referenced
        unsigned char x;
UARTTestMain.c(76): warning:  #177-D: variable "i" was declared but never referenced
    unsigned char i;
UARTTestMain.c(77): warning:  #177-D: variable "string" was declared but never referenced
    char string[20];  // global to assist in debugging
UARTTestMain.c: 3 warnings, 0 errors
compiling SysTick.c...
linking...
Program Size: Code=2360 RO-data=1040 RW-data=0 ZI-data=1120  
".\UART.axf" - 0 Error(s), 3 Warning(s).
Load "C:\\Users\\Rosswell\\Documents\\Tone-Generator\\Basic_UART\\UART.axf" 
Connecting: Mode=JTAG, Speed=1000000Hz
Erase Done.
Programming Done.
Verify OK.
</pre>
</body>
</html>
not load file 'C:\Users\Rosswell\Documents\Tone-Generator\Basic_UART\UART.axf'

o assist in debugging
UARTTestMain.c: 5 warnings, 1 error
".\UART.axf" - 1 Error(s), 5 Warning(s).
Target not created
n debugging
UARTTestMain.c(201): error:  #159: declaration is incompatible with previous "Init_PortB" (declared at line 80)
  void Init_PortB(void){ 
UARTTestMain.c: 6 warnings, 2 errors
".\UART.axf" - 2 Error(s), 6 Warning(s).
Target not created
")
          UART_OutChar(BS);
UART.c(257): warning:  #676-D: using out-of-scope declaration of function "UART_OutChar" (declared at line 57 of "UART.h")
        UART_OutChar(character);
UART.c(269): warning:  #676-D: using out-of-scope declaration of function "UART_OutChar" (declared at line 57 of "UART.h")
    UART_OutChar(CR);
UART.c: 10 warnings, 1 error
compiling UARTTestMain.c...
UARTTestMain.c(73): error:  #65: expected a ";"
  int main(void){
UARTTestMain.c(109): warning:  #12-D: parsing restarts here after previous syntax error
  }
UARTTestMain.c(109): warning:  #940-D: missing return statement at end of non-void function "UART_InCharNonBlocking"
  }
UARTTestMain.c(39): warning:  #177-D: variable "sineTable" was declared but never referenced
  const int sineTable[256]={128,131,134,137,140,143,146,149,
UARTTestMain.c(163): warning:  #676-D: using out-of-scope declaration of function "SysTick_Wait" (declared at line 42 of "SysTick.h")
                SysTick_Wait(5100); 
UARTTestMain.c(171): warning:  #676-D: using out-of-scope declaration of function "SysTick_Wait" (declared at line 42 of "SysTick.h")
                SysTick_Wait(delay);
UARTTestMain.c(176): warning:  #676-D: using out-of-scope declaration of function "SysTick_Wait" (declared at line 42 of "SysTick.h")
                SysTick_Wait(delay); 
UARTTestMain.c(184): warning:  #676-D: using out-of-scope declaration of function "SysTick_Wait" (declared at line 42 of "SysTick.h")
                SysTick_Wait(delay);
UARTTestMain.c(189): warning:  #676-D: using out-of-scope declaration of function "SysTick_Wait" (declared at line 42 of "SysTick.h")
                SysTick_Wait(delay); 
UARTTestMain.c(195): error:  #20: identifier "sineTable" is undefined
                GPIO_PORTB_DATA_R = sineTable[i]; 
UARTTestMain.c(196): warning:  #676-D: using out-of-scope declaration of function "SysTick_Wait" (declared at line 42 of "SysTick.h")
                SysTick_Wait(delay); 
UARTTestMain.c: 9 warnings, 2 errors
".\UART.axf" - 3 Error(s), 19 Warning(s).
Target not created
, 18 Warning(s).
Target not created
